<?xml version="1.0" encoding="UTF-8"?>
<!-- Generated by org.testng.reporters.JUnitReportReporter -->
<testsuite hostname="DESKTOP-3CBGDHB" failures="0" tests="5" name="com.tekarch.runner.RunnerForSalesForce" time="52.636" errors="0" timestamp="2023-03-06T17:21:28 EST" skipped="0">
  <testcase classname="com.tekarch.runner.RunnerForSalesForce" name="runScenario" time="22.114"/>
  <system-out/>
  <testcase classname="com.tekarch.runner.RunnerForSalesForce" name="runScenario" time="7.505"/>
  <system-out/>
  <testcase classname="com.tekarch.runner.RunnerForSalesForce" name="runScenario" time="10.841"/>
  <system-out/>
  <testcase classname="com.tekarch.runner.RunnerForSalesForce" name="runScenario" time="6.452"/>
  <system-out/>
  <testcase classname="com.tekarch.runner.RunnerForSalesForce" name="runScenario" time="5.724"/>
  <system-out/>
</testsuite> <!-- com.tekarch.runner.RunnerForSalesForce -->
