<?xml version="1.0" encoding="UTF-8"?>
<!-- Generated by org.testng.reporters.JUnitReportReporter -->
<testsuite hostname="DESKTOP-3CBGDHB" failures="0" tests="1" name="com.tekarch.SalesForce.SalesForceWithFrameLoginPage" time="6.503" errors="0" timestamp="2023-03-05T23:57:18 EST" skipped="0">
  <testcase classname="com.tekarch.SalesForce.SalesForceWithFrameLoginPage" name="forgotPassword" time="6.503"/>
  <system-out/>
</testsuite> <!-- com.tekarch.SalesForce.SalesForceWithFrameLoginPage -->
